<?xml version="1.0" encoding="UTF-8"?>
<!-- Generated by org.testng.reporters.JUnitXMLReporter -->
<testsuite ignored="0" hostname="Salenium-01" failures="0" tests="5" name="Default test" time="29.767" errors="0" timestamp="2022-10-14T09:56:08 GMT-04:00">
  <testcase classname="com.spree.Create_Account_Using_API_Login_Using_UI" name="createAccount" time="5.221"/>
  <testcase classname="com.spree.Create_Account_Using_API_Login_Using_UI" name="loginWithUI" time="11.919"/>
  <testcase classname="com.spree.Create_Account_Using_API_Login_Using_UI" name="generateToken" time="0.798"/>
  <testcase classname="com.spree.Create_Account_Using_API_Login_Using_UI" name="retrieveAccount" time="0.835"/>
  <testcase classname="com.spree.Create_Account_Using_API_Login_Using_UI" name="updateAccount" time="0.845"/>
</testsuite> <!-- Default test -->
