<?xml version="1.0" encoding="UTF-8"?>
<testng-results ignored="0" total="5" passed="5" failed="0" skipped="0">
  <reporter-output>
  </reporter-output>
  <suite started-at="2022-10-14T09:55:38 GMT-04:00" name="Default suite" finished-at="2022-10-14T09:56:08 GMT-04:00" duration-ms="29767">
    <groups>
    </groups>
    <test started-at="2022-10-14T09:55:38 GMT-04:00" name="Default test" finished-at="2022-10-14T09:56:08 GMT-04:00" duration-ms="29767">
      <class name="com.spree.Create_Account_Using_API_Login_Using_UI">
        <test-method is-config="true" signature="lauchBrowser()[pri:0, instance:com.spree.Create_Account_Using_API_Login_Using_UI@47e2e487]" started-at="2022-10-14T09:55:38 GMT-04:00" name="lauchBrowser" finished-at="2022-10-14T09:55:47 GMT-04:00" duration-ms="9325" status="PASS">
          <reporter-output>
          </reporter-output>
        </test-method> <!-- lauchBrowser -->
        <test-method signature="createAccount()[pri:1, instance:com.spree.Create_Account_Using_API_Login_Using_UI@47e2e487]" started-at="2022-10-14T09:55:47 GMT-04:00" name="createAccount" finished-at="2022-10-14T09:55:53 GMT-04:00" duration-ms="5221" status="PASS">
          <reporter-output>
          </reporter-output>
        </test-method> <!-- createAccount -->
        <test-method signature="loginWithUI()[pri:2, instance:com.spree.Create_Account_Using_API_Login_Using_UI@47e2e487]" started-at="2022-10-14T09:55:53 GMT-04:00" name="loginWithUI" finished-at="2022-10-14T09:56:05 GMT-04:00" duration-ms="11919" status="PASS">
          <reporter-output>
          </reporter-output>
        </test-method> <!-- loginWithUI -->
        <test-method signature="generateToken()[pri:3, instance:com.spree.Create_Account_Using_API_Login_Using_UI@47e2e487]" started-at="2022-10-14T09:56:05 GMT-04:00" name="generateToken" finished-at="2022-10-14T09:56:05 GMT-04:00" duration-ms="798" status="PASS">
          <reporter-output>
          </reporter-output>
        </test-method> <!-- generateToken -->
        <test-method signature="retrieveAccount()[pri:4, instance:com.spree.Create_Account_Using_API_Login_Using_UI@47e2e487]" started-at="2022-10-14T09:56:05 GMT-04:00" name="retrieveAccount" finished-at="2022-10-14T09:56:06 GMT-04:00" duration-ms="835" status="PASS">
          <reporter-output>
          </reporter-output>
        </test-method> <!-- retrieveAccount -->
        <test-method signature="updateAccount()[pri:5, instance:com.spree.Create_Account_Using_API_Login_Using_UI@47e2e487]" started-at="2022-10-14T09:56:06 GMT-04:00" name="updateAccount" finished-at="2022-10-14T09:56:07 GMT-04:00" duration-ms="845" status="PASS">
          <reporter-output>
          </reporter-output>
        </test-method> <!-- updateAccount -->
        <test-method is-config="true" signature="close()[pri:0, instance:com.spree.Create_Account_Using_API_Login_Using_UI@47e2e487]" started-at="2022-10-14T09:56:07 GMT-04:00" name="close" finished-at="2022-10-14T09:56:08 GMT-04:00" duration-ms="748" status="PASS">
          <reporter-output>
          </reporter-output>
        </test-method> <!-- close -->
      </class> <!-- com.spree.Create_Account_Using_API_Login_Using_UI -->
    </test> <!-- Default test -->
  </suite> <!-- Default suite -->
</testng-results>
